<?xml version="1.0" encoding="UTF-8"?>
<testng-results ignored="0" total="1" passed="1" failed="0" skipped="0">
  <reporter-output>
  </reporter-output>
  <suite started-at="2021-02-15T14:37:23 CST" name="Command line suite" finished-at="2021-02-15T14:37:28 CST" duration-ms="4758">
    <groups>
    </groups>
    <test started-at="2021-02-15T14:37:23 CST" name="Command line test" finished-at="2021-02-15T14:37:28 CST" duration-ms="4758">
      <class name="test.java.selenium.testng.TestNGIntro">
        <test-method signature="test1()[pri:0, instance:test.java.selenium.testng.TestNGIntro@4c762604]" started-at="2021-02-15T14:37:23 CST" name="test1" finished-at="2021-02-15T14:37:28 CST" duration-ms="4720" status="PASS">
          <reporter-output>
          </reporter-output>
        </test-method> <!-- test1 -->
      </class> <!-- test.java.selenium.testng.TestNGIntro -->
    </test> <!-- Command line test -->
  </suite> <!-- Command line suite -->
</testng-results>
